android/app/build/intermediates/manifest_merge_blame_file/debug/manifest-merger-blame-debug-report.txt
1<?xml version="1.0" encoding="utf-8"?>
2<manifest xmlns:android="http://schemas.android.com/apk/res/android"
3    package="com.bmd"
4    android:versionCode="1"
5    android:versionName="1.0" >
6
7    <uses-sdk
8        android:minSdkVersion="21"
9        android:targetSdkVersion="29" />
10
11    <uses-permission android:name="android.permission.SYSTEM_ALERT_WINDOW" />
11-->src/debug/AndroidManifest.xml:5:5-77
11-->src/debug/AndroidManifest.xml:5:22-75
12    <uses-permission android:name="android.permission.INTERNET" />
12-->src/main/AndroidManifest.xml:4:5-67
12-->src/main/AndroidManifest.xml:4:22-64
13    <uses-permission android:name="android.permission.CAMERA" />
13-->src/main/AndroidManifest.xml:5:5-65
13-->src/main/AndroidManifest.xml:5:22-62
14    <uses-permission android:name="android.permission.VIBRATE" />
14-->src/main/AndroidManifest.xml:6:5-65
14-->src/main/AndroidManifest.xml:6:22-63
15    <uses-permission android:name="android.permission.ACCESS_WIFI_STATE" />
15-->[com.facebook.flipper:flipper:0.75.1] AndroidManifest.xml:16:5-76
15-->[com.facebook.flipper:flipper:0.75.1] AndroidManifest.xml:16:22-73
16
17    <uses-feature
17-->[:react-native-camera] AndroidManifest.xml:11:5-13:36
18        android:name="android.hardware.camera"
18-->[:react-native-camera] AndroidManifest.xml:12:9-47
19        android:required="false" />
19-->[:react-native-camera] AndroidManifest.xml:13:9-33
20    <uses-feature
20-->[:react-native-camera] AndroidManifest.xml:14:5-16:36
21        android:name="android.hardware.camera.autofocus"
21-->[:react-native-camera] AndroidManifest.xml:15:9-57
22        android:required="false" />
22-->[:react-native-camera] AndroidManifest.xml:16:9-33
23
24    <application
24-->src/main/AndroidManifest.xml:8:5-42:19
25        android:name="com.bmd.MainApplication"
25-->src/main/AndroidManifest.xml:9:7-38
26        android:allowBackup="false"
26-->src/main/AndroidManifest.xml:13:7-34
27        android:appComponentFactory="androidx.core.app.CoreComponentFactory"
27-->[androidx.core:core:1.1.0] AndroidManifest.xml:24:18-86
28        android:debuggable="true"
29        android:icon="@mipmap/ic_launcher"
29-->src/main/AndroidManifest.xml:11:7-41
30        android:label="@string/app_name"
30-->src/main/AndroidManifest.xml:10:7-39
31        android:roundIcon="@mipmap/ic_launcher_round"
31-->src/main/AndroidManifest.xml:12:7-52
32        android:theme="@style/AppTheme"
32-->src/main/AndroidManifest.xml:14:7-38
33        android:usesCleartextTraffic="true" >
33-->src/main/AndroidManifest.xml:15:7-42
34        <activity android:name="com.facebook.react.devsupport.DevSettingsActivity" />
34-->src/debug/AndroidManifest.xml:11:9-86
34-->src/debug/AndroidManifest.xml:11:19-83
35        <activity
35-->src/main/AndroidManifest.xml:18:7-26:18
36            android:name="com.bmd.SplashActivity"
36-->src/main/AndroidManifest.xml:19:8-38
37            android:label="@string/app_name"
37-->src/main/AndroidManifest.xml:21:8-40
38            android:theme="@style/SplashTheme" >
38-->src/main/AndroidManifest.xml:20:8-42
39            <intent-filter>
39-->src/main/AndroidManifest.xml:22:8-25:24
40                <action android:name="android.intent.action.MAIN" />
40-->src/main/AndroidManifest.xml:23:12-64
40-->src/main/AndroidManifest.xml:23:20-61
41
42                <category android:name="android.intent.category.LAUNCHER" />
42-->src/main/AndroidManifest.xml:24:12-72
42-->src/main/AndroidManifest.xml:24:22-69
43            </intent-filter>
44        </activity>
45        <activity
45-->src/main/AndroidManifest.xml:28:7-41:18
46            android:name="com.bmd.MainActivity"
46-->src/main/AndroidManifest.xml:29:9-37
47            android:configChanges="keyboard|keyboardHidden|orientation|screenSize|uiMode"
47-->src/main/AndroidManifest.xml:31:9-86
48            android:exported="true"
48-->src/main/AndroidManifest.xml:34:9-32
49            android:label="@string/app_name"
49-->src/main/AndroidManifest.xml:30:9-41
50            android:launchMode="singleTask"
50-->src/main/AndroidManifest.xml:32:9-40
51            android:screenOrientation="portrait"
51-->src/main/AndroidManifest.xml:35:9-45
52            android:windowSoftInputMode="adjustResize" >
52-->src/main/AndroidManifest.xml:33:9-51
53            <intent-filter>
53-->src/main/AndroidManifest.xml:37:9-40:25
54                <action android:name="android.intent.action.MAIN" />
54-->src/main/AndroidManifest.xml:23:12-64
54-->src/main/AndroidManifest.xml:23:20-61
55            </intent-filter>
56        </activity>
57        <activity
57-->[com.google.android.gms:play-services-base:16.0.1] AndroidManifest.xml:23:9-26:75
58            android:name="com.google.android.gms.common.api.GoogleApiActivity"
58-->[com.google.android.gms:play-services-base:16.0.1] AndroidManifest.xml:24:13-79
59            android:exported="false"
59-->[com.google.android.gms:play-services-base:16.0.1] AndroidManifest.xml:25:13-37
60            android:theme="@android:style/Theme.Translucent.NoTitleBar" />
60-->[com.google.android.gms:play-services-base:16.0.1] AndroidManifest.xml:26:13-72
61
62        <meta-data
62-->[com.google.android.gms:play-services-basement:16.1.0] AndroidManifest.xml:23:9-25:69
63            android:name="com.google.android.gms.version"
63-->[com.google.android.gms:play-services-basement:16.1.0] AndroidManifest.xml:24:13-58
64            android:value="@integer/google_play_services_version" />
64-->[com.google.android.gms:play-services-basement:16.1.0] AndroidManifest.xml:25:13-66
65        <meta-data
65-->[com.github.bumptech.glide:okhttp3-integration:4.11.0] AndroidManifest.xml:11:9-13:43
66            android:name="com.bumptech.glide.integration.okhttp3.OkHttpGlideModule"
66-->[com.github.bumptech.glide:okhttp3-integration:4.11.0] AndroidManifest.xml:12:13-84
67            android:value="GlideModule" />
67-->[com.github.bumptech.glide:okhttp3-integration:4.11.0] AndroidManifest.xml:13:13-40
68    </application>
69
70</manifest>